2017-09-07 08:30:41.357 INFO  com.itstyle.doc.Application Line:48  - Starting Application on WIN-20131015XNT with PID 9324 (D:\ACTS\spring-boot-doc\target\classes started by Administrator in D:\ACTS\spring-boot-doc)
2017-09-07 08:30:41.385 INFO  com.itstyle.doc.Application Line:641 - The following profiles are active: dev
2017-09-07 08:30:42.001 INFO  org.springframework.boot.context.embedded.AnnotationConfigEmbeddedWebApplicationContext Line:582 - Refreshing org.springframework.boot.context.embedded.AnnotationConfigEmbeddedWebApplicationContext@fc78f06: startup date [Thu Sep 07 08:30:42 CST 2017]; root of context hierarchy
2017-09-07 08:30:45.197 INFO  org.springframework.context.support.PostProcessorRegistrationDelegate$BeanPostProcessorChecker Line:325 - Bean 'org.springframework.transaction.annotation.ProxyTransactionManagementConfiguration' of type [org.springframework.transaction.annotation.ProxyTransactionManagementConfiguration$$EnhancerBySpringCGLIB$$fbb56939] is not eligible for getting processed by all BeanPostProcessors (for example: not eligible for auto-proxying)
2017-09-07 08:30:45.936 INFO  org.springframework.boot.context.embedded.tomcat.TomcatEmbeddedServletContainer Line:89  - Tomcat initialized with port(s): 8080 (http)
2017-09-07 08:30:45.960 INFO  org.apache.catalina.core.StandardService Line:179 - Starting service Tomcat
2017-09-07 08:30:45.961 INFO  org.apache.catalina.core.StandardEngine Line:179 - Starting Servlet Engine: Apache Tomcat/8.5.11
2017-09-07 08:30:46.133 INFO  org.apache.catalina.core.ContainerBase.[Tomcat].[localhost].[/spring-boot-doc] Line:179 - Initializing Spring embedded WebApplicationContext
2017-09-07 08:30:46.134 INFO  org.springframework.web.context.ContextLoader Line:276 - Root WebApplicationContext: initialization completed in 4133 ms
2017-09-07 08:30:46.618 INFO  org.springframework.boot.web.servlet.ServletRegistrationBean Line:190 - Mapping servlet: 'dispatcherServlet' to [/]
2017-09-07 08:30:46.625 INFO  org.springframework.boot.web.servlet.FilterRegistrationBean Line:258 - Mapping filter: 'characterEncodingFilter' to: [/*]
2017-09-07 08:30:46.626 INFO  org.springframework.boot.web.servlet.FilterRegistrationBean Line:258 - Mapping filter: 'hiddenHttpMethodFilter' to: [/*]
2017-09-07 08:30:46.627 INFO  org.springframework.boot.web.servlet.FilterRegistrationBean Line:258 - Mapping filter: 'httpPutFormContentFilter' to: [/*]
2017-09-07 08:30:46.628 INFO  org.springframework.boot.web.servlet.FilterRegistrationBean Line:258 - Mapping filter: 'requestContextFilter' to: [/*]
2017-09-07 08:30:47.473 INFO  org.springframework.orm.jpa.LocalContainerEntityManagerFactoryBean Line:349 - Building JPA container EntityManagerFactory for persistence unit 'default'
2017-09-07 08:30:47.506 INFO  org.hibernate.jpa.internal.util.LogHelper Line:31  - HHH000204: Processing PersistenceUnitInfo [
	name: default
	...]
2017-09-07 08:30:47.659 INFO  org.hibernate.Version Line:37  - HHH000412: Hibernate Core {5.0.12.Final}
2017-09-07 08:30:47.664 INFO  org.hibernate.cfg.Environment Line:213 - HHH000206: hibernate.properties not found
2017-09-07 08:30:47.667 INFO  org.hibernate.cfg.Environment Line:317 - HHH000021: Bytecode provider name : javassist
2017-09-07 08:30:47.769 INFO  org.hibernate.annotations.common.Version Line:66  - HCANN000001: Hibernate Commons Annotations {5.0.1.Final}
2017-09-07 08:30:48.759 INFO  org.hibernate.dialect.Dialect Line:156 - HHH000400: Using dialect: org.hibernate.dialect.MySQL5Dialect
2017-09-07 08:30:49.815 INFO  org.hibernate.tool.hbm2ddl.SchemaUpdate Line:105 - HHH000228: Running hbm2ddl schema update
2017-09-07 08:30:50.061 INFO  org.springframework.orm.jpa.LocalContainerEntityManagerFactoryBean Line:379 - Initialized JPA EntityManagerFactory for persistence unit 'default'
2017-09-07 08:30:51.448 INFO  org.springframework.web.servlet.mvc.method.annotation.RequestMappingHandlerAdapter Line:534 - Looking for @ControllerAdvice: org.springframework.boot.context.embedded.AnnotationConfigEmbeddedWebApplicationContext@fc78f06: startup date [Thu Sep 07 08:30:42 CST 2017]; root of context hierarchy
2017-09-07 08:30:51.649 INFO  org.springframework.web.servlet.mvc.method.annotation.RequestMappingHandlerMapping Line:543 - Mapped "{[/index],methods=[GET]}" onto public java.lang.String com.itstyle.doc.web.IndexController.index(org.springframework.ui.ModelMap)
2017-09-07 08:30:51.654 INFO  org.springframework.web.servlet.mvc.method.annotation.RequestMappingHandlerMapping Line:543 - Mapped "{[/error]}" onto public org.springframework.http.ResponseEntity<java.util.Map<java.lang.String, java.lang.Object>> org.springframework.boot.autoconfigure.web.BasicErrorController.error(javax.servlet.http.HttpServletRequest)
2017-09-07 08:30:51.658 INFO  org.springframework.web.servlet.mvc.method.annotation.RequestMappingHandlerMapping Line:543 - Mapped "{[/error],produces=[text/html]}" onto public org.springframework.web.servlet.ModelAndView org.springframework.boot.autoconfigure.web.BasicErrorController.errorHtml(javax.servlet.http.HttpServletRequest,javax.servlet.http.HttpServletResponse)
2017-09-07 08:30:51.793 INFO  com.itstyle.doc.Application Line:19  - 自定义静态资源目录
2017-09-07 08:30:51.811 INFO  org.springframework.web.servlet.handler.SimpleUrlHandlerMapping Line:362 - Mapped URL path [/webjars/**] onto handler of type [class org.springframework.web.servlet.resource.ResourceHttpRequestHandler]
2017-09-07 08:30:51.812 INFO  org.springframework.web.servlet.handler.SimpleUrlHandlerMapping Line:362 - Mapped URL path [/**] onto handler of type [class org.springframework.web.servlet.resource.ResourceHttpRequestHandler]
2017-09-07 08:30:51.925 INFO  org.springframework.web.servlet.handler.SimpleUrlHandlerMapping Line:362 - Mapped URL path [/**/favicon.ico] onto handler of type [class org.springframework.web.servlet.resource.ResourceHttpRequestHandler]
2017-09-07 08:30:54.034 INFO  org.springframework.jmx.export.annotation.AnnotationMBeanExporter Line:431 - Registering beans for JMX exposure on startup
2017-09-07 08:30:54.222 INFO  org.springframework.boot.context.embedded.tomcat.TomcatEmbeddedServletContainer Line:198 - Tomcat started on port(s): 8080 (http)
2017-09-07 08:30:54.232 INFO  com.itstyle.doc.Application Line:57  - Started Application in 14.116 seconds (JVM running for 15.084)
2017-09-07 08:30:54.232 INFO  com.itstyle.doc.Application Line:24  - 项目启动 
2017-09-07 08:31:57.450 INFO  com.itstyle.doc.Application Line:48  - Starting Application on WIN-20131015XNT with PID 10100 (D:\ACTS\spring-boot-doc\target\classes started by Administrator in D:\ACTS\spring-boot-doc)
2017-09-07 08:31:57.455 INFO  com.itstyle.doc.Application Line:641 - The following profiles are active: dev
2017-09-07 08:31:58.025 INFO  org.springframework.boot.context.embedded.AnnotationConfigEmbeddedWebApplicationContext Line:582 - Refreshing org.springframework.boot.context.embedded.AnnotationConfigEmbeddedWebApplicationContext@20cb3eea: startup date [Thu Sep 07 08:31:58 CST 2017]; root of context hierarchy
2017-09-07 08:32:00.203 INFO  org.springframework.context.support.PostProcessorRegistrationDelegate$BeanPostProcessorChecker Line:325 - Bean 'org.springframework.transaction.annotation.ProxyTransactionManagementConfiguration' of type [org.springframework.transaction.annotation.ProxyTransactionManagementConfiguration$$EnhancerBySpringCGLIB$$1a3d5b1d] is not eligible for getting processed by all BeanPostProcessors (for example: not eligible for auto-proxying)
2017-09-07 08:32:00.782 INFO  org.springframework.boot.context.embedded.tomcat.TomcatEmbeddedServletContainer Line:89  - Tomcat initialized with port(s): 8080 (http)
2017-09-07 08:32:00.806 INFO  org.apache.catalina.core.StandardService Line:179 - Starting service Tomcat
2017-09-07 08:32:00.808 INFO  org.apache.catalina.core.StandardEngine Line:179 - Starting Servlet Engine: Apache Tomcat/8.5.11
2017-09-07 08:32:00.974 INFO  org.apache.catalina.core.ContainerBase.[Tomcat].[localhost].[/] Line:179 - Initializing Spring embedded WebApplicationContext
2017-09-07 08:32:00.975 INFO  org.springframework.web.context.ContextLoader Line:276 - Root WebApplicationContext: initialization completed in 2951 ms
2017-09-07 08:32:01.480 INFO  org.springframework.boot.web.servlet.ServletRegistrationBean Line:190 - Mapping servlet: 'dispatcherServlet' to [/]
2017-09-07 08:32:01.486 INFO  org.springframework.boot.web.servlet.FilterRegistrationBean Line:258 - Mapping filter: 'characterEncodingFilter' to: [/*]
2017-09-07 08:32:01.487 INFO  org.springframework.boot.web.servlet.FilterRegistrationBean Line:258 - Mapping filter: 'hiddenHttpMethodFilter' to: [/*]
2017-09-07 08:32:01.488 INFO  org.springframework.boot.web.servlet.FilterRegistrationBean Line:258 - Mapping filter: 'httpPutFormContentFilter' to: [/*]
2017-09-07 08:32:01.488 INFO  org.springframework.boot.web.servlet.FilterRegistrationBean Line:258 - Mapping filter: 'requestContextFilter' to: [/*]
2017-09-07 08:32:02.542 INFO  org.springframework.orm.jpa.LocalContainerEntityManagerFactoryBean Line:349 - Building JPA container EntityManagerFactory for persistence unit 'default'
2017-09-07 08:32:02.565 INFO  org.hibernate.jpa.internal.util.LogHelper Line:31  - HHH000204: Processing PersistenceUnitInfo [
	name: default
	...]
2017-09-07 08:32:02.673 INFO  org.hibernate.Version Line:37  - HHH000412: Hibernate Core {5.0.12.Final}
2017-09-07 08:32:02.675 INFO  org.hibernate.cfg.Environment Line:213 - HHH000206: hibernate.properties not found
2017-09-07 08:32:02.678 INFO  org.hibernate.cfg.Environment Line:317 - HHH000021: Bytecode provider name : javassist
2017-09-07 08:32:02.739 INFO  org.hibernate.annotations.common.Version Line:66  - HCANN000001: Hibernate Commons Annotations {5.0.1.Final}
2017-09-07 08:32:03.320 INFO  org.hibernate.dialect.Dialect Line:156 - HHH000400: Using dialect: org.hibernate.dialect.MySQL5Dialect
2017-09-07 08:32:03.900 INFO  org.hibernate.tool.hbm2ddl.SchemaUpdate Line:105 - HHH000228: Running hbm2ddl schema update
2017-09-07 08:32:04.434 INFO  org.springframework.orm.jpa.LocalContainerEntityManagerFactoryBean Line:379 - Initialized JPA EntityManagerFactory for persistence unit 'default'
2017-09-07 08:32:05.660 INFO  org.springframework.web.servlet.mvc.method.annotation.RequestMappingHandlerAdapter Line:534 - Looking for @ControllerAdvice: org.springframework.boot.context.embedded.AnnotationConfigEmbeddedWebApplicationContext@20cb3eea: startup date [Thu Sep 07 08:31:58 CST 2017]; root of context hierarchy
2017-09-07 08:32:05.771 INFO  org.springframework.web.servlet.mvc.method.annotation.RequestMappingHandlerMapping Line:543 - Mapped "{[/index],methods=[GET]}" onto public java.lang.String com.itstyle.doc.web.IndexController.index(org.springframework.ui.ModelMap)
2017-09-07 08:32:05.777 INFO  org.springframework.web.servlet.mvc.method.annotation.RequestMappingHandlerMapping Line:543 - Mapped "{[/error]}" onto public org.springframework.http.ResponseEntity<java.util.Map<java.lang.String, java.lang.Object>> org.springframework.boot.autoconfigure.web.BasicErrorController.error(javax.servlet.http.HttpServletRequest)
2017-09-07 08:32:05.778 INFO  org.springframework.web.servlet.mvc.method.annotation.RequestMappingHandlerMapping Line:543 - Mapped "{[/error],produces=[text/html]}" onto public org.springframework.web.servlet.ModelAndView org.springframework.boot.autoconfigure.web.BasicErrorController.errorHtml(javax.servlet.http.HttpServletRequest,javax.servlet.http.HttpServletResponse)
2017-09-07 08:32:06.136 INFO  org.springframework.web.servlet.handler.SimpleUrlHandlerMapping Line:349 - Root mapping to handler of type [class org.springframework.web.servlet.mvc.ParameterizableViewController]
2017-09-07 08:32:06.152 INFO  com.itstyle.doc.Application Line:19  - 自定义静态资源目录
2017-09-07 08:32:06.159 INFO  org.springframework.web.servlet.handler.SimpleUrlHandlerMapping Line:362 - Mapped URL path [/webjars/**] onto handler of type [class org.springframework.web.servlet.resource.ResourceHttpRequestHandler]
2017-09-07 08:32:06.160 INFO  org.springframework.web.servlet.handler.SimpleUrlHandlerMapping Line:362 - Mapped URL path [/**] onto handler of type [class org.springframework.web.servlet.resource.ResourceHttpRequestHandler]
2017-09-07 08:32:06.230 INFO  org.springframework.web.servlet.handler.SimpleUrlHandlerMapping Line:362 - Mapped URL path [/**/favicon.ico] onto handler of type [class org.springframework.web.servlet.resource.ResourceHttpRequestHandler]
2017-09-07 08:32:07.786 INFO  org.springframework.jmx.export.annotation.AnnotationMBeanExporter Line:431 - Registering beans for JMX exposure on startup
2017-09-07 08:32:09.088 INFO  org.springframework.boot.context.embedded.tomcat.TomcatEmbeddedServletContainer Line:198 - Tomcat started on port(s): 8080 (http)
2017-09-07 08:32:09.096 INFO  com.itstyle.doc.Application Line:57  - Started Application in 12.666 seconds (JVM running for 13.214)
2017-09-07 08:32:09.096 INFO  com.itstyle.doc.Application Line:24  - 项目启动 
2017-09-07 08:32:16.434 INFO  org.apache.catalina.core.ContainerBase.[Tomcat].[localhost].[/] Line:179 - Initializing Spring FrameworkServlet 'dispatcherServlet'
2017-09-07 08:32:16.434 INFO  org.springframework.web.servlet.DispatcherServlet Line:489 - FrameworkServlet 'dispatcherServlet': initialization started
2017-09-07 08:32:16.527 INFO  org.springframework.web.servlet.DispatcherServlet Line:508 - FrameworkServlet 'dispatcherServlet': initialization completed in 92 ms
2017-09-07 08:32:16.585 INFO  com.itstyle.doc.web.IndexController Line:23  - 首页
2017-09-07 08:32:16.665 INFO  org.hibernate.hql.internal.QueryTranslatorFactoryInitiator Line:47  - HHH000397: Using ASTQueryTranslatorFactory
2017-09-07 08:33:06.268 INFO  com.itstyle.doc.web.IndexController Line:23  - 首页
2017-09-07 08:33:08.061 INFO  com.itstyle.doc.web.IndexController Line:23  - 首页
2017-09-07 08:33:17.836 INFO  com.itstyle.doc.Application Line:48  - Starting Application on WIN-20131015XNT with PID 9776 (D:\ACTS\spring-boot-doc\target\classes started by Administrator in D:\ACTS\spring-boot-doc)
2017-09-07 08:33:17.880 INFO  com.itstyle.doc.Application Line:641 - The following profiles are active: dev
2017-09-07 08:33:18.494 INFO  org.springframework.boot.context.embedded.AnnotationConfigEmbeddedWebApplicationContext Line:582 - Refreshing org.springframework.boot.context.embedded.AnnotationConfigEmbeddedWebApplicationContext@31579177: startup date [Thu Sep 07 08:33:18 CST 2017]; root of context hierarchy
2017-09-07 08:33:21.123 INFO  org.springframework.context.support.PostProcessorRegistrationDelegate$BeanPostProcessorChecker Line:325 - Bean 'org.springframework.transaction.annotation.ProxyTransactionManagementConfiguration' of type [org.springframework.transaction.annotation.ProxyTransactionManagementConfiguration$$EnhancerBySpringCGLIB$$1a3d5b1d] is not eligible for getting processed by all BeanPostProcessors (for example: not eligible for auto-proxying)
2017-09-07 08:33:21.695 INFO  org.springframework.boot.context.embedded.tomcat.TomcatEmbeddedServletContainer Line:89  - Tomcat initialized with port(s): 8080 (http)
2017-09-07 08:33:21.714 INFO  org.apache.catalina.core.StandardService Line:179 - Starting service Tomcat
2017-09-07 08:33:21.716 INFO  org.apache.catalina.core.StandardEngine Line:179 - Starting Servlet Engine: Apache Tomcat/8.5.11
2017-09-07 08:33:21.869 INFO  org.apache.catalina.core.ContainerBase.[Tomcat].[localhost].[/] Line:179 - Initializing Spring embedded WebApplicationContext
2017-09-07 08:33:21.870 INFO  org.springframework.web.context.ContextLoader Line:276 - Root WebApplicationContext: initialization completed in 3376 ms
2017-09-07 08:33:22.394 INFO  org.springframework.boot.web.servlet.ServletRegistrationBean Line:190 - Mapping servlet: 'dispatcherServlet' to [/]
2017-09-07 08:33:22.403 INFO  org.springframework.boot.web.servlet.FilterRegistrationBean Line:258 - Mapping filter: 'characterEncodingFilter' to: [/*]
2017-09-07 08:33:22.404 INFO  org.springframework.boot.web.servlet.FilterRegistrationBean Line:258 - Mapping filter: 'hiddenHttpMethodFilter' to: [/*]
2017-09-07 08:33:22.405 INFO  org.springframework.boot.web.servlet.FilterRegistrationBean Line:258 - Mapping filter: 'httpPutFormContentFilter' to: [/*]
2017-09-07 08:33:22.405 INFO  org.springframework.boot.web.servlet.FilterRegistrationBean Line:258 - Mapping filter: 'requestContextFilter' to: [/*]
2017-09-07 08:33:23.085 INFO  org.springframework.orm.jpa.LocalContainerEntityManagerFactoryBean Line:349 - Building JPA container EntityManagerFactory for persistence unit 'default'
2017-09-07 08:33:23.110 INFO  org.hibernate.jpa.internal.util.LogHelper Line:31  - HHH000204: Processing PersistenceUnitInfo [
	name: default
	...]
2017-09-07 08:33:23.253 INFO  org.hibernate.Version Line:37  - HHH000412: Hibernate Core {5.0.12.Final}
2017-09-07 08:33:23.256 INFO  org.hibernate.cfg.Environment Line:213 - HHH000206: hibernate.properties not found
2017-09-07 08:33:23.259 INFO  org.hibernate.cfg.Environment Line:317 - HHH000021: Bytecode provider name : javassist
2017-09-07 08:33:23.337 INFO  org.hibernate.annotations.common.Version Line:66  - HCANN000001: Hibernate Commons Annotations {5.0.1.Final}
2017-09-07 08:33:24.126 INFO  org.hibernate.dialect.Dialect Line:156 - HHH000400: Using dialect: org.hibernate.dialect.MySQL5Dialect
2017-09-07 08:33:24.847 INFO  org.hibernate.tool.hbm2ddl.SchemaUpdate Line:105 - HHH000228: Running hbm2ddl schema update
2017-09-07 08:33:24.974 INFO  org.springframework.orm.jpa.LocalContainerEntityManagerFactoryBean Line:379 - Initialized JPA EntityManagerFactory for persistence unit 'default'
2017-09-07 08:33:26.207 INFO  org.springframework.web.servlet.mvc.method.annotation.RequestMappingHandlerAdapter Line:534 - Looking for @ControllerAdvice: org.springframework.boot.context.embedded.AnnotationConfigEmbeddedWebApplicationContext@31579177: startup date [Thu Sep 07 08:33:18 CST 2017]; root of context hierarchy
2017-09-07 08:33:27.100 INFO  org.springframework.web.servlet.mvc.method.annotation.RequestMappingHandlerMapping Line:543 - Mapped "{[/index],methods=[GET]}" onto public java.lang.String com.itstyle.doc.web.IndexController.index(org.springframework.ui.ModelMap)
2017-09-07 08:33:27.105 INFO  org.springframework.web.servlet.mvc.method.annotation.RequestMappingHandlerMapping Line:543 - Mapped "{[/error]}" onto public org.springframework.http.ResponseEntity<java.util.Map<java.lang.String, java.lang.Object>> org.springframework.boot.autoconfigure.web.BasicErrorController.error(javax.servlet.http.HttpServletRequest)
2017-09-07 08:33:27.106 INFO  org.springframework.web.servlet.mvc.method.annotation.RequestMappingHandlerMapping Line:543 - Mapped "{[/error],produces=[text/html]}" onto public org.springframework.web.servlet.ModelAndView org.springframework.boot.autoconfigure.web.BasicErrorController.errorHtml(javax.servlet.http.HttpServletRequest,javax.servlet.http.HttpServletResponse)
2017-09-07 08:33:27.242 INFO  org.springframework.web.servlet.handler.SimpleUrlHandlerMapping Line:349 - Root mapping to handler of type [class org.springframework.web.servlet.mvc.ParameterizableViewController]
2017-09-07 08:33:27.310 INFO  com.itstyle.doc.Application Line:19  - 自定义静态资源目录
2017-09-07 08:33:27.315 INFO  org.springframework.web.servlet.handler.SimpleUrlHandlerMapping Line:362 - Mapped URL path [/webjars/**] onto handler of type [class org.springframework.web.servlet.resource.ResourceHttpRequestHandler]
2017-09-07 08:33:27.316 INFO  org.springframework.web.servlet.handler.SimpleUrlHandlerMapping Line:362 - Mapped URL path [/**] onto handler of type [class org.springframework.web.servlet.resource.ResourceHttpRequestHandler]
2017-09-07 08:33:27.453 INFO  org.springframework.web.servlet.handler.SimpleUrlHandlerMapping Line:362 - Mapped URL path [/**/favicon.ico] onto handler of type [class org.springframework.web.servlet.resource.ResourceHttpRequestHandler]
2017-09-07 08:33:30.766 INFO  org.springframework.jmx.export.annotation.AnnotationMBeanExporter Line:431 - Registering beans for JMX exposure on startup
2017-09-07 08:33:30.992 INFO  org.springframework.boot.context.embedded.tomcat.TomcatEmbeddedServletContainer Line:198 - Tomcat started on port(s): 8080 (http)
2017-09-07 08:33:30.998 INFO  com.itstyle.doc.Application Line:57  - Started Application in 14.143 seconds (JVM running for 14.637)
2017-09-07 08:33:30.999 INFO  com.itstyle.doc.Application Line:24  - 项目启动 
2017-09-07 08:33:34.429 INFO  org.apache.catalina.core.ContainerBase.[Tomcat].[localhost].[/] Line:179 - Initializing Spring FrameworkServlet 'dispatcherServlet'
2017-09-07 08:33:34.431 INFO  org.springframework.web.servlet.DispatcherServlet Line:489 - FrameworkServlet 'dispatcherServlet': initialization started
2017-09-07 08:33:34.465 INFO  org.springframework.web.servlet.DispatcherServlet Line:508 - FrameworkServlet 'dispatcherServlet': initialization completed in 33 ms
2017-09-07 08:33:34.917 INFO  com.itstyle.doc.web.IndexController Line:23  - 首页
2017-09-07 08:33:34.948 INFO  org.hibernate.hql.internal.QueryTranslatorFactoryInitiator Line:47  - HHH000397: Using ASTQueryTranslatorFactory
2017-09-07 08:35:22.199 INFO  com.itstyle.doc.web.IndexController Line:23  - 首页
2017-09-07 08:35:24.105 INFO  com.itstyle.doc.web.IndexController Line:23  - 首页
2017-09-07 08:39:03.302 INFO  com.itstyle.doc.web.IndexController Line:23  - 首页
2017-09-07 08:40:17.603 INFO  com.itstyle.doc.web.IndexController Line:23  - 首页
2017-09-07 08:40:18.674 INFO  com.itstyle.doc.web.IndexController Line:23  - 首页
2017-09-07 08:40:19.535 INFO  com.itstyle.doc.web.IndexController Line:23  - 首页
2017-09-07 08:40:59.439 INFO  com.itstyle.doc.web.IndexController Line:23  - 首页
2017-09-07 08:41:00.770 INFO  com.itstyle.doc.web.IndexController Line:23  - 首页
2017-09-07 08:41:06.849 INFO  com.itstyle.doc.web.IndexController Line:23  - 首页
2017-09-07 08:41:08.125 INFO  com.itstyle.doc.web.IndexController Line:23  - 首页
2017-09-07 08:41:09.552 INFO  com.itstyle.doc.web.IndexController Line:23  - 首页
2017-09-07 08:41:10.374 INFO  com.itstyle.doc.web.IndexController Line:23  - 首页
2017-09-07 08:41:15.281 INFO  com.itstyle.doc.web.IndexController Line:23  - 首页
2017-09-07 08:44:45.561 INFO  com.itstyle.doc.web.IndexController Line:23  - 首页
2017-09-07 08:44:48.195 INFO  com.itstyle.doc.web.IndexController Line:23  - 首页
2017-09-07 08:46:09.900 INFO  com.itstyle.doc.web.IndexController Line:23  - 首页
2017-09-07 08:46:53.062 INFO  com.itstyle.doc.web.IndexController Line:23  - 首页
2017-09-07 08:46:55.183 INFO  com.itstyle.doc.web.IndexController Line:23  - 首页
2017-09-07 08:47:00.944 INFO  com.itstyle.doc.web.IndexController Line:23  - 首页
2017-09-07 08:47:08.915 INFO  com.itstyle.doc.web.IndexController Line:23  - 首页
2017-09-07 08:48:51.860 INFO  com.itstyle.doc.web.IndexController Line:23  - 首页
2017-09-07 08:49:16.545 INFO  com.itstyle.doc.web.IndexController Line:23  - 首页
2017-09-07 08:49:39.703 INFO  com.itstyle.doc.web.IndexController Line:23  - 首页
2017-09-07 08:58:33.054 INFO  com.itstyle.doc.web.IndexController Line:23  - 首页
2017-09-07 08:58:48.155 INFO  com.itstyle.doc.web.IndexController Line:23  - 首页
2017-09-07 08:58:50.828 INFO  com.itstyle.doc.web.IndexController Line:23  - 首页
2017-09-07 08:58:52.812 INFO  com.itstyle.doc.web.IndexController Line:23  - 首页
2017-09-07 08:58:57.973 INFO  com.itstyle.doc.web.IndexController Line:23  - 首页
2017-09-07 08:58:59.136 INFO  com.itstyle.doc.web.IndexController Line:23  - 首页
2017-09-07 08:59:00.024 INFO  com.itstyle.doc.web.IndexController Line:23  - 首页
2017-09-07 09:04:26.916 INFO  com.itstyle.doc.web.IndexController Line:23  - 首页
2017-09-07 09:09:25.951 INFO  com.itstyle.doc.web.IndexController Line:23  - 首页
2017-09-07 09:09:59.601 INFO  com.itstyle.doc.web.IndexController Line:23  - 首页
2017-09-07 09:10:01.887 INFO  com.itstyle.doc.web.IndexController Line:23  - 首页
2017-09-07 09:10:14.919 INFO  com.itstyle.doc.web.IndexController Line:23  - 首页
2017-09-07 09:10:47.722 INFO  com.itstyle.doc.web.IndexController Line:23  - 首页
2017-09-07 09:10:54.082 INFO  com.itstyle.doc.web.IndexController Line:23  - 首页
2017-09-07 09:11:23.986 INFO  com.itstyle.doc.web.IndexController Line:23  - 首页
2017-09-07 09:11:31.374 INFO  com.itstyle.doc.web.IndexController Line:23  - 首页
2017-09-07 09:12:06.932 INFO  com.itstyle.doc.web.IndexController Line:23  - 首页
2017-09-07 09:12:09.034 INFO  com.itstyle.doc.web.IndexController Line:23  - 首页
2017-09-07 09:12:16.642 INFO  com.itstyle.doc.web.IndexController Line:23  - 首页
2017-09-07 09:12:31.638 INFO  com.itstyle.doc.web.IndexController Line:23  - 首页
2017-09-07 09:12:33.690 INFO  com.itstyle.doc.web.IndexController Line:23  - 首页
2017-09-07 09:14:00.941 INFO  com.itstyle.doc.web.IndexController Line:23  - 首页
2017-09-07 09:14:07.727 INFO  com.itstyle.doc.web.IndexController Line:23  - 首页
2017-09-07 09:14:09.744 INFO  com.itstyle.doc.web.IndexController Line:23  - 首页
2017-09-07 09:14:31.074 INFO  com.itstyle.doc.web.IndexController Line:23  - 首页
2017-09-07 09:15:26.121 INFO  com.itstyle.doc.web.IndexController Line:23  - 首页
2017-09-07 09:15:36.387 INFO  com.itstyle.doc.web.IndexController Line:23  - 首页
2017-09-07 09:16:19.702 INFO  com.itstyle.doc.web.IndexController Line:23  - 首页
2017-09-07 09:17:39.065 INFO  com.itstyle.doc.web.IndexController Line:23  - 首页
2017-09-07 09:17:51.500 INFO  com.itstyle.doc.web.IndexController Line:23  - 首页
2017-09-07 09:17:55.177 INFO  com.itstyle.doc.web.IndexController Line:23  - 首页
2017-09-07 09:18:14.706 INFO  com.itstyle.doc.web.IndexController Line:23  - 首页
2017-09-07 09:19:07.976 INFO  com.itstyle.doc.web.IndexController Line:23  - 首页
2017-09-07 09:19:34.994 INFO  com.itstyle.doc.web.IndexController Line:23  - 首页
2017-09-07 18:20:20.514 INFO  com.itstyle.doc.Application Line:48  - Starting Application on WIN-20131015XNT with PID 4840 (D:\ACTS\spring-boot-doc\target\classes started by Administrator in D:\ACTS\spring-boot-doc)
2017-09-07 18:20:20.554 INFO  com.itstyle.doc.Application Line:641 - The following profiles are active: dev
2017-09-07 18:20:21.629 INFO  org.springframework.boot.context.embedded.AnnotationConfigEmbeddedWebApplicationContext Line:582 - Refreshing org.springframework.boot.context.embedded.AnnotationConfigEmbeddedWebApplicationContext@4dc34b84: startup date [Thu Sep 07 18:20:21 CST 2017]; root of context hierarchy
2017-09-07 18:20:25.545 INFO  org.springframework.context.support.PostProcessorRegistrationDelegate$BeanPostProcessorChecker Line:325 - Bean 'org.springframework.transaction.annotation.ProxyTransactionManagementConfiguration' of type [org.springframework.transaction.annotation.ProxyTransactionManagementConfiguration$$EnhancerBySpringCGLIB$$b2083b13] is not eligible for getting processed by all BeanPostProcessors (for example: not eligible for auto-proxying)
2017-09-07 18:20:26.495 INFO  org.springframework.boot.context.embedded.tomcat.TomcatEmbeddedServletContainer Line:89  - Tomcat initialized with port(s): 8080 (http)
2017-09-07 18:20:26.518 INFO  org.apache.catalina.core.StandardService Line:179 - Starting service Tomcat
2017-09-07 18:20:26.525 INFO  org.apache.catalina.core.StandardEngine Line:179 - Starting Servlet Engine: Apache Tomcat/8.5.11
2017-09-07 18:20:26.712 INFO  org.apache.catalina.core.ContainerBase.[Tomcat].[localhost].[/] Line:179 - Initializing Spring embedded WebApplicationContext
2017-09-07 18:20:26.713 INFO  org.springframework.web.context.ContextLoader Line:276 - Root WebApplicationContext: initialization completed in 5084 ms
2017-09-07 18:20:27.249 INFO  org.springframework.boot.web.servlet.ServletRegistrationBean Line:190 - Mapping servlet: 'dispatcherServlet' to [/]
2017-09-07 18:20:27.272 INFO  org.springframework.boot.web.servlet.FilterRegistrationBean Line:258 - Mapping filter: 'characterEncodingFilter' to: [/*]
2017-09-07 18:20:27.273 INFO  org.springframework.boot.web.servlet.FilterRegistrationBean Line:258 - Mapping filter: 'hiddenHttpMethodFilter' to: [/*]
2017-09-07 18:20:27.274 INFO  org.springframework.boot.web.servlet.FilterRegistrationBean Line:258 - Mapping filter: 'httpPutFormContentFilter' to: [/*]
2017-09-07 18:20:27.274 INFO  org.springframework.boot.web.servlet.FilterRegistrationBean Line:258 - Mapping filter: 'requestContextFilter' to: [/*]
2017-09-07 18:20:28.238 INFO  org.springframework.orm.jpa.LocalContainerEntityManagerFactoryBean Line:349 - Building JPA container EntityManagerFactory for persistence unit 'default'
2017-09-07 18:20:28.279 INFO  org.hibernate.jpa.internal.util.LogHelper Line:31  - HHH000204: Processing PersistenceUnitInfo [
	name: default
	...]
2017-09-07 18:20:28.488 INFO  org.hibernate.Version Line:37  - HHH000412: Hibernate Core {5.0.12.Final}
2017-09-07 18:20:28.491 INFO  org.hibernate.cfg.Environment Line:213 - HHH000206: hibernate.properties not found
2017-09-07 18:20:28.494 INFO  org.hibernate.cfg.Environment Line:317 - HHH000021: Bytecode provider name : javassist
2017-09-07 18:20:28.641 INFO  org.hibernate.annotations.common.Version Line:66  - HCANN000001: Hibernate Commons Annotations {5.0.1.Final}
2017-09-07 18:20:29.642 INFO  org.hibernate.dialect.Dialect Line:156 - HHH000400: Using dialect: org.hibernate.dialect.MySQL5Dialect
2017-09-07 18:20:30.754 INFO  org.hibernate.tool.hbm2ddl.SchemaUpdate Line:105 - HHH000228: Running hbm2ddl schema update
2017-09-07 18:20:31.351 INFO  org.springframework.orm.jpa.LocalContainerEntityManagerFactoryBean Line:379 - Initialized JPA EntityManagerFactory for persistence unit 'default'
2017-09-07 18:20:34.268 INFO  org.springframework.web.servlet.mvc.method.annotation.RequestMappingHandlerAdapter Line:534 - Looking for @ControllerAdvice: org.springframework.boot.context.embedded.AnnotationConfigEmbeddedWebApplicationContext@4dc34b84: startup date [Thu Sep 07 18:20:21 CST 2017]; root of context hierarchy
2017-09-07 18:20:34.646 INFO  org.springframework.web.servlet.mvc.method.annotation.RequestMappingHandlerMapping Line:543 - Mapped "{[/index],methods=[GET]}" onto public java.lang.String com.itstyle.doc.web.IndexController.index(org.springframework.ui.ModelMap)
2017-09-07 18:20:34.652 INFO  org.springframework.web.servlet.mvc.method.annotation.RequestMappingHandlerMapping Line:543 - Mapped "{[/error]}" onto public org.springframework.http.ResponseEntity<java.util.Map<java.lang.String, java.lang.Object>> org.springframework.boot.autoconfigure.web.BasicErrorController.error(javax.servlet.http.HttpServletRequest)
2017-09-07 18:20:34.654 INFO  org.springframework.web.servlet.mvc.method.annotation.RequestMappingHandlerMapping Line:543 - Mapped "{[/error],produces=[text/html]}" onto public org.springframework.web.servlet.ModelAndView org.springframework.boot.autoconfigure.web.BasicErrorController.errorHtml(javax.servlet.http.HttpServletRequest,javax.servlet.http.HttpServletResponse)
2017-09-07 18:20:34.702 INFO  org.springframework.web.servlet.handler.SimpleUrlHandlerMapping Line:349 - Root mapping to handler of type [class org.springframework.web.servlet.mvc.ParameterizableViewController]
2017-09-07 18:20:34.798 INFO  com.itstyle.doc.Application Line:19  - 自定义静态资源目录
2017-09-07 18:20:34.817 INFO  org.springframework.web.servlet.handler.SimpleUrlHandlerMapping Line:362 - Mapped URL path [/webjars/**] onto handler of type [class org.springframework.web.servlet.resource.ResourceHttpRequestHandler]
2017-09-07 18:20:34.817 INFO  org.springframework.web.servlet.handler.SimpleUrlHandlerMapping Line:362 - Mapped URL path [/**] onto handler of type [class org.springframework.web.servlet.resource.ResourceHttpRequestHandler]
2017-09-07 18:20:34.984 INFO  org.springframework.web.servlet.handler.SimpleUrlHandlerMapping Line:362 - Mapped URL path [/**/favicon.ico] onto handler of type [class org.springframework.web.servlet.resource.ResourceHttpRequestHandler]
2017-09-07 18:20:37.536 INFO  org.springframework.jmx.export.annotation.AnnotationMBeanExporter Line:431 - Registering beans for JMX exposure on startup
2017-09-07 18:20:37.683 INFO  org.springframework.boot.context.embedded.tomcat.TomcatEmbeddedServletContainer Line:198 - Tomcat started on port(s): 8080 (http)
2017-09-07 18:20:37.691 INFO  com.itstyle.doc.Application Line:57  - Started Application in 19.007 seconds (JVM running for 20.103)
2017-09-07 18:20:37.692 INFO  com.itstyle.doc.Application Line:24  - 项目启动 
2017-09-07 18:20:45.848 INFO  org.apache.catalina.core.ContainerBase.[Tomcat].[localhost].[/] Line:179 - Initializing Spring FrameworkServlet 'dispatcherServlet'
2017-09-07 18:20:45.849 INFO  org.springframework.web.servlet.DispatcherServlet Line:489 - FrameworkServlet 'dispatcherServlet': initialization started
2017-09-07 18:20:45.911 INFO  org.springframework.web.servlet.DispatcherServlet Line:508 - FrameworkServlet 'dispatcherServlet': initialization completed in 61 ms
2017-09-07 18:20:46.027 INFO  com.itstyle.doc.web.IndexController Line:29  - 首页
2017-09-07 18:20:46.104 INFO  org.hibernate.hql.internal.QueryTranslatorFactoryInitiator Line:47  - HHH000397: Using ASTQueryTranslatorFactory
2017-09-07 18:22:33.501 INFO  com.itstyle.doc.web.IndexController Line:29  - 首页
2017-09-07 18:22:34.863 INFO  com.itstyle.doc.web.IndexController Line:29  - 首页
2017-09-07 18:23:07.823 INFO  com.itstyle.doc.web.IndexController Line:29  - 首页
2017-09-07 18:23:08.583 INFO  com.itstyle.doc.web.IndexController Line:29  - 首页
2017-09-07 18:23:25.161 INFO  com.itstyle.doc.web.IndexController Line:29  - 首页
2017-09-07 18:23:28.969 INFO  com.itstyle.doc.web.IndexController Line:29  - 首页
2017-09-07 18:23:35.334 INFO  com.itstyle.doc.web.IndexController Line:29  - 首页
2017-09-07 18:23:36.239 INFO  com.itstyle.doc.web.IndexController Line:29  - 首页
2017-09-07 18:23:36.489 INFO  com.itstyle.doc.web.IndexController Line:29  - 首页
2017-09-07 18:25:24.523 INFO  com.itstyle.doc.web.IndexController Line:29  - 首页
2017-09-07 18:25:26.922 INFO  com.itstyle.doc.web.IndexController Line:29  - 首页
2017-09-07 18:25:43.857 INFO  com.itstyle.doc.web.IndexController Line:29  - 首页
2017-09-07 18:25:52.061 INFO  com.itstyle.doc.web.IndexController Line:29  - 首页
2017-09-07 18:26:34.269 INFO  com.itstyle.doc.web.IndexController Line:29  - 首页
2017-09-07 18:27:50.658 INFO  com.itstyle.doc.web.IndexController Line:29  - 首页
2017-09-07 18:31:08.515 INFO  com.itstyle.doc.web.IndexController Line:29  - 首页
2017-09-07 18:31:10.311 INFO  com.itstyle.doc.web.IndexController Line:29  - 首页
2017-09-07 18:31:16.782 INFO  com.itstyle.doc.web.IndexController Line:29  - 首页
2017-09-07 18:32:10.435 INFO  com.itstyle.doc.web.IndexController Line:29  - 首页
2017-09-07 18:33:19.333 INFO  com.itstyle.doc.Application Line:48  - Starting Application on WIN-20131015XNT with PID 7112 (D:\ACTS\spring-boot-doc\target\classes started by Administrator in D:\ACTS\spring-boot-doc)
2017-09-07 18:33:19.338 INFO  com.itstyle.doc.Application Line:641 - The following profiles are active: dev
2017-09-07 18:33:19.918 INFO  org.springframework.boot.context.embedded.AnnotationConfigEmbeddedWebApplicationContext Line:582 - Refreshing org.springframework.boot.context.embedded.AnnotationConfigEmbeddedWebApplicationContext@594001dc: startup date [Thu Sep 07 18:33:19 CST 2017]; root of context hierarchy
2017-09-07 18:33:22.162 INFO  org.springframework.context.support.PostProcessorRegistrationDelegate$BeanPostProcessorChecker Line:325 - Bean 'org.springframework.transaction.annotation.ProxyTransactionManagementConfiguration' of type [org.springframework.transaction.annotation.ProxyTransactionManagementConfiguration$$EnhancerBySpringCGLIB$$10a7e6d3] is not eligible for getting processed by all BeanPostProcessors (for example: not eligible for auto-proxying)
2017-09-07 18:33:22.707 INFO  org.springframework.boot.context.embedded.tomcat.TomcatEmbeddedServletContainer Line:89  - Tomcat initialized with port(s): 8080 (http)
2017-09-07 18:33:22.734 INFO  org.apache.catalina.core.StandardService Line:179 - Starting service Tomcat
2017-09-07 18:33:22.736 INFO  org.apache.catalina.core.StandardEngine Line:179 - Starting Servlet Engine: Apache Tomcat/8.5.11
2017-09-07 18:33:22.877 INFO  org.apache.catalina.core.ContainerBase.[Tomcat].[localhost].[/] Line:179 - Initializing Spring embedded WebApplicationContext
2017-09-07 18:33:22.878 INFO  org.springframework.web.context.ContextLoader Line:276 - Root WebApplicationContext: initialization completed in 2960 ms
2017-09-07 18:33:23.298 INFO  org.springframework.boot.web.servlet.ServletRegistrationBean Line:190 - Mapping servlet: 'dispatcherServlet' to [/]
2017-09-07 18:33:23.304 INFO  org.springframework.boot.web.servlet.FilterRegistrationBean Line:258 - Mapping filter: 'characterEncodingFilter' to: [/*]
2017-09-07 18:33:23.305 INFO  org.springframework.boot.web.servlet.FilterRegistrationBean Line:258 - Mapping filter: 'hiddenHttpMethodFilter' to: [/*]
2017-09-07 18:33:23.306 INFO  org.springframework.boot.web.servlet.FilterRegistrationBean Line:258 - Mapping filter: 'httpPutFormContentFilter' to: [/*]
2017-09-07 18:33:23.306 INFO  org.springframework.boot.web.servlet.FilterRegistrationBean Line:258 - Mapping filter: 'requestContextFilter' to: [/*]
2017-09-07 18:33:24.069 INFO  org.springframework.orm.jpa.LocalContainerEntityManagerFactoryBean Line:349 - Building JPA container EntityManagerFactory for persistence unit 'default'
2017-09-07 18:33:24.092 INFO  org.hibernate.jpa.internal.util.LogHelper Line:31  - HHH000204: Processing PersistenceUnitInfo [
	name: default
	...]
2017-09-07 18:33:24.191 INFO  org.hibernate.Version Line:37  - HHH000412: Hibernate Core {5.0.12.Final}
2017-09-07 18:33:24.194 INFO  org.hibernate.cfg.Environment Line:213 - HHH000206: hibernate.properties not found
2017-09-07 18:33:24.197 INFO  org.hibernate.cfg.Environment Line:317 - HHH000021: Bytecode provider name : javassist
2017-09-07 18:33:24.257 INFO  org.hibernate.annotations.common.Version Line:66  - HCANN000001: Hibernate Commons Annotations {5.0.1.Final}
2017-09-07 18:33:24.817 INFO  org.hibernate.dialect.Dialect Line:156 - HHH000400: Using dialect: org.hibernate.dialect.MySQL5Dialect
2017-09-07 18:33:25.567 INFO  org.hibernate.tool.hbm2ddl.SchemaUpdate Line:105 - HHH000228: Running hbm2ddl schema update
2017-09-07 18:33:25.973 INFO  org.springframework.orm.jpa.LocalContainerEntityManagerFactoryBean Line:379 - Initialized JPA EntityManagerFactory for persistence unit 'default'
2017-09-07 18:33:27.658 INFO  org.springframework.web.servlet.mvc.method.annotation.RequestMappingHandlerAdapter Line:534 - Looking for @ControllerAdvice: org.springframework.boot.context.embedded.AnnotationConfigEmbeddedWebApplicationContext@594001dc: startup date [Thu Sep 07 18:33:19 CST 2017]; root of context hierarchy
2017-09-07 18:33:29.233 INFO  org.springframework.web.servlet.mvc.method.annotation.RequestMappingHandlerMapping Line:543 - Mapped "{[/index],methods=[GET]}" onto public java.lang.String com.itstyle.doc.web.IndexController.index(org.springframework.ui.ModelMap)
2017-09-07 18:33:29.241 INFO  org.springframework.web.servlet.mvc.method.annotation.RequestMappingHandlerMapping Line:543 - Mapped "{[/error]}" onto public org.springframework.http.ResponseEntity<java.util.Map<java.lang.String, java.lang.Object>> org.springframework.boot.autoconfigure.web.BasicErrorController.error(javax.servlet.http.HttpServletRequest)
2017-09-07 18:33:29.243 INFO  org.springframework.web.servlet.mvc.method.annotation.RequestMappingHandlerMapping Line:543 - Mapped "{[/error],produces=[text/html]}" onto public org.springframework.web.servlet.ModelAndView org.springframework.boot.autoconfigure.web.BasicErrorController.errorHtml(javax.servlet.http.HttpServletRequest,javax.servlet.http.HttpServletResponse)
2017-09-07 18:33:29.271 INFO  org.springframework.web.servlet.handler.SimpleUrlHandlerMapping Line:349 - Root mapping to handler of type [class org.springframework.web.servlet.mvc.ParameterizableViewController]
2017-09-07 18:33:29.323 INFO  com.itstyle.doc.Application Line:21  - 自定义静态资源目录
2017-09-07 18:33:29.329 INFO  org.springframework.web.servlet.handler.SimpleUrlHandlerMapping Line:362 - Mapped URL path [/file/**] onto handler of type [class org.springframework.web.servlet.resource.ResourceHttpRequestHandler]
2017-09-07 18:33:29.330 INFO  org.springframework.web.servlet.handler.SimpleUrlHandlerMapping Line:362 - Mapped URL path [/webjars/**] onto handler of type [class org.springframework.web.servlet.resource.ResourceHttpRequestHandler]
2017-09-07 18:33:29.331 INFO  org.springframework.web.servlet.handler.SimpleUrlHandlerMapping Line:362 - Mapped URL path [/**] onto handler of type [class org.springframework.web.servlet.resource.ResourceHttpRequestHandler]
2017-09-07 18:33:29.432 INFO  org.springframework.web.servlet.handler.SimpleUrlHandlerMapping Line:362 - Mapped URL path [/**/favicon.ico] onto handler of type [class org.springframework.web.servlet.resource.ResourceHttpRequestHandler]
2017-09-07 18:33:32.221 INFO  org.springframework.jmx.export.annotation.AnnotationMBeanExporter Line:431 - Registering beans for JMX exposure on startup
2017-09-07 18:33:32.380 INFO  org.springframework.boot.context.embedded.tomcat.TomcatEmbeddedServletContainer Line:198 - Tomcat started on port(s): 8080 (http)
2017-09-07 18:33:32.387 INFO  com.itstyle.doc.Application Line:57  - Started Application in 13.963 seconds (JVM running for 14.477)
2017-09-07 18:33:32.387 INFO  com.itstyle.doc.Application Line:26  - 项目启动 
2017-09-07 18:33:33.381 INFO  org.apache.catalina.core.ContainerBase.[Tomcat].[localhost].[/] Line:179 - Initializing Spring FrameworkServlet 'dispatcherServlet'
2017-09-07 18:33:33.382 INFO  org.springframework.web.servlet.DispatcherServlet Line:489 - FrameworkServlet 'dispatcherServlet': initialization started
2017-09-07 18:33:33.416 INFO  org.springframework.web.servlet.DispatcherServlet Line:508 - FrameworkServlet 'dispatcherServlet': initialization completed in 33 ms
2017-09-07 18:33:33.499 INFO  com.itstyle.doc.web.IndexController Line:29  - 首页
2017-09-07 18:33:33.532 INFO  org.hibernate.hql.internal.QueryTranslatorFactoryInitiator Line:47  - HHH000397: Using ASTQueryTranslatorFactory
2017-09-07 18:33:36.334 INFO  com.itstyle.doc.web.IndexController Line:29  - 首页
2017-09-07 18:33:37.593 INFO  com.itstyle.doc.web.IndexController Line:29  - 首页
2017-09-07 18:33:39.097 INFO  com.itstyle.doc.web.IndexController Line:29  - 首页
2017-09-07 18:33:51.564 INFO  com.itstyle.doc.web.IndexController Line:29  - 首页
2017-09-07 18:33:53.165 INFO  com.itstyle.doc.web.IndexController Line:29  - 首页
2017-09-07 18:34:27.672 INFO  com.itstyle.doc.web.IndexController Line:29  - 首页
2017-09-07 18:34:29.932 INFO  com.itstyle.doc.web.IndexController Line:29  - 首页
2017-09-07 18:36:58.976 INFO  com.itstyle.doc.Application Line:48  - Starting Application on WIN-20131015XNT with PID 4828 (D:\ACTS\spring-boot-doc\target\classes started by Administrator in D:\ACTS\spring-boot-doc)
2017-09-07 18:36:58.995 INFO  com.itstyle.doc.Application Line:641 - The following profiles are active: dev
2017-09-07 18:36:59.560 INFO  org.springframework.boot.context.embedded.AnnotationConfigEmbeddedWebApplicationContext Line:582 - Refreshing org.springframework.boot.context.embedded.AnnotationConfigEmbeddedWebApplicationContext@328fecc7: startup date [Thu Sep 07 18:36:59 CST 2017]; root of context hierarchy
2017-09-07 18:37:02.427 INFO  org.springframework.context.support.PostProcessorRegistrationDelegate$BeanPostProcessorChecker Line:325 - Bean 'org.springframework.transaction.annotation.ProxyTransactionManagementConfiguration' of type [org.springframework.transaction.annotation.ProxyTransactionManagementConfiguration$$EnhancerBySpringCGLIB$$49613d65] is not eligible for getting processed by all BeanPostProcessors (for example: not eligible for auto-proxying)
2017-09-07 18:37:03.175 INFO  org.springframework.boot.context.embedded.tomcat.TomcatEmbeddedServletContainer Line:89  - Tomcat initialized with port(s): 8080 (http)
2017-09-07 18:37:03.203 INFO  org.apache.catalina.core.StandardService Line:179 - Starting service Tomcat
2017-09-07 18:37:03.206 INFO  org.apache.catalina.core.StandardEngine Line:179 - Starting Servlet Engine: Apache Tomcat/8.5.11
2017-09-07 18:37:03.372 INFO  org.apache.catalina.core.ContainerBase.[Tomcat].[localhost].[/] Line:179 - Initializing Spring embedded WebApplicationContext
2017-09-07 18:37:03.373 INFO  org.springframework.web.context.ContextLoader Line:276 - Root WebApplicationContext: initialization completed in 3813 ms
2017-09-07 18:37:03.800 INFO  org.springframework.boot.web.servlet.ServletRegistrationBean Line:190 - Mapping servlet: 'dispatcherServlet' to [/]
2017-09-07 18:37:03.806 INFO  org.springframework.boot.web.servlet.FilterRegistrationBean Line:258 - Mapping filter: 'characterEncodingFilter' to: [/*]
2017-09-07 18:37:03.808 INFO  org.springframework.boot.web.servlet.FilterRegistrationBean Line:258 - Mapping filter: 'hiddenHttpMethodFilter' to: [/*]
2017-09-07 18:37:03.808 INFO  org.springframework.boot.web.servlet.FilterRegistrationBean Line:258 - Mapping filter: 'httpPutFormContentFilter' to: [/*]
2017-09-07 18:37:03.809 INFO  org.springframework.boot.web.servlet.FilterRegistrationBean Line:258 - Mapping filter: 'requestContextFilter' to: [/*]
2017-09-07 18:37:04.525 INFO  org.springframework.orm.jpa.LocalContainerEntityManagerFactoryBean Line:349 - Building JPA container EntityManagerFactory for persistence unit 'default'
2017-09-07 18:37:04.555 INFO  org.hibernate.jpa.internal.util.LogHelper Line:31  - HHH000204: Processing PersistenceUnitInfo [
	name: default
	...]
2017-09-07 18:37:04.705 INFO  org.hibernate.Version Line:37  - HHH000412: Hibernate Core {5.0.12.Final}
2017-09-07 18:37:04.708 INFO  org.hibernate.cfg.Environment Line:213 - HHH000206: hibernate.properties not found
2017-09-07 18:37:04.712 INFO  org.hibernate.cfg.Environment Line:317 - HHH000021: Bytecode provider name : javassist
2017-09-07 18:37:04.798 INFO  org.hibernate.annotations.common.Version Line:66  - HCANN000001: Hibernate Commons Annotations {5.0.1.Final}
2017-09-07 18:37:05.558 INFO  org.hibernate.dialect.Dialect Line:156 - HHH000400: Using dialect: org.hibernate.dialect.MySQL5Dialect
2017-09-07 18:37:06.503 INFO  org.hibernate.tool.hbm2ddl.SchemaUpdate Line:105 - HHH000228: Running hbm2ddl schema update
2017-09-07 18:37:06.998 INFO  org.springframework.orm.jpa.LocalContainerEntityManagerFactoryBean Line:379 - Initialized JPA EntityManagerFactory for persistence unit 'default'
2017-09-07 18:37:08.817 INFO  org.springframework.web.servlet.mvc.method.annotation.RequestMappingHandlerAdapter Line:534 - Looking for @ControllerAdvice: org.springframework.boot.context.embedded.AnnotationConfigEmbeddedWebApplicationContext@328fecc7: startup date [Thu Sep 07 18:36:59 CST 2017]; root of context hierarchy
2017-09-07 18:37:09.048 INFO  org.springframework.web.servlet.mvc.method.annotation.RequestMappingHandlerMapping Line:543 - Mapped "{[/index],methods=[GET]}" onto public java.lang.String com.itstyle.doc.web.IndexController.index(org.springframework.ui.ModelMap)
2017-09-07 18:37:09.053 INFO  org.springframework.web.servlet.mvc.method.annotation.RequestMappingHandlerMapping Line:543 - Mapped "{[/error]}" onto public org.springframework.http.ResponseEntity<java.util.Map<java.lang.String, java.lang.Object>> org.springframework.boot.autoconfigure.web.BasicErrorController.error(javax.servlet.http.HttpServletRequest)
2017-09-07 18:37:09.055 INFO  org.springframework.web.servlet.mvc.method.annotation.RequestMappingHandlerMapping Line:543 - Mapped "{[/error],produces=[text/html]}" onto public org.springframework.web.servlet.ModelAndView org.springframework.boot.autoconfigure.web.BasicErrorController.errorHtml(javax.servlet.http.HttpServletRequest,javax.servlet.http.HttpServletResponse)
2017-09-07 18:37:09.107 INFO  org.springframework.web.servlet.handler.SimpleUrlHandlerMapping Line:349 - Root mapping to handler of type [class org.springframework.web.servlet.mvc.ParameterizableViewController]
2017-09-07 18:37:09.135 INFO  com.itstyle.doc.Application Line:21  - 自定义静态资源目录
2017-09-07 18:37:09.151 INFO  org.springframework.web.servlet.handler.SimpleUrlHandlerMapping Line:362 - Mapped URL path [/file/**] onto handler of type [class org.springframework.web.servlet.resource.ResourceHttpRequestHandler]
2017-09-07 18:37:09.152 INFO  org.springframework.web.servlet.handler.SimpleUrlHandlerMapping Line:362 - Mapped URL path [/file/uploads/**] onto handler of type [class org.springframework.web.servlet.resource.ResourceHttpRequestHandler]
2017-09-07 18:37:09.153 INFO  org.springframework.web.servlet.handler.SimpleUrlHandlerMapping Line:362 - Mapped URL path [/webjars/**] onto handler of type [class org.springframework.web.servlet.resource.ResourceHttpRequestHandler]
2017-09-07 18:37:09.153 INFO  org.springframework.web.servlet.handler.SimpleUrlHandlerMapping Line:362 - Mapped URL path [/**] onto handler of type [class org.springframework.web.servlet.resource.ResourceHttpRequestHandler]
2017-09-07 18:37:09.252 INFO  org.springframework.web.servlet.handler.SimpleUrlHandlerMapping Line:362 - Mapped URL path [/**/favicon.ico] onto handler of type [class org.springframework.web.servlet.resource.ResourceHttpRequestHandler]
2017-09-07 18:37:11.379 INFO  org.springframework.jmx.export.annotation.AnnotationMBeanExporter Line:431 - Registering beans for JMX exposure on startup
2017-09-07 18:37:11.558 INFO  org.springframework.boot.context.embedded.tomcat.TomcatEmbeddedServletContainer Line:198 - Tomcat started on port(s): 8080 (http)
2017-09-07 18:37:11.566 INFO  com.itstyle.doc.Application Line:57  - Started Application in 13.765 seconds (JVM running for 14.532)
2017-09-07 18:37:11.566 INFO  com.itstyle.doc.Application Line:26  - 项目启动 
2017-09-07 18:37:16.468 INFO  org.apache.catalina.core.ContainerBase.[Tomcat].[localhost].[/] Line:179 - Initializing Spring FrameworkServlet 'dispatcherServlet'
2017-09-07 18:37:16.469 INFO  org.springframework.web.servlet.DispatcherServlet Line:489 - FrameworkServlet 'dispatcherServlet': initialization started
2017-09-07 18:37:16.507 INFO  org.springframework.web.servlet.DispatcherServlet Line:508 - FrameworkServlet 'dispatcherServlet': initialization completed in 37 ms
2017-09-07 18:37:16.578 INFO  com.itstyle.doc.web.IndexController Line:29  - 首页
2017-09-07 18:37:16.613 INFO  org.hibernate.hql.internal.QueryTranslatorFactoryInitiator Line:47  - HHH000397: Using ASTQueryTranslatorFactory
2017-09-07 18:37:19.500 INFO  com.itstyle.doc.web.IndexController Line:29  - 首页
2017-09-07 18:37:52.669 INFO  com.itstyle.doc.Application Line:48  - Starting Application on WIN-20131015XNT with PID 1644 (D:\ACTS\spring-boot-doc\target\classes started by Administrator in D:\ACTS\spring-boot-doc)
2017-09-07 18:37:52.677 INFO  com.itstyle.doc.Application Line:641 - The following profiles are active: dev
2017-09-07 18:37:53.298 INFO  org.springframework.boot.context.embedded.AnnotationConfigEmbeddedWebApplicationContext Line:582 - Refreshing org.springframework.boot.context.embedded.AnnotationConfigEmbeddedWebApplicationContext@3df94d96: startup date [Thu Sep 07 18:37:53 CST 2017]; root of context hierarchy
2017-09-07 18:37:56.254 INFO  org.springframework.context.support.PostProcessorRegistrationDelegate$BeanPostProcessorChecker Line:325 - Bean 'org.springframework.transaction.annotation.ProxyTransactionManagementConfiguration' of type [org.springframework.transaction.annotation.ProxyTransactionManagementConfiguration$$EnhancerBySpringCGLIB$$e78e0468] is not eligible for getting processed by all BeanPostProcessors (for example: not eligible for auto-proxying)
2017-09-07 18:37:57.136 INFO  org.springframework.boot.context.embedded.tomcat.TomcatEmbeddedServletContainer Line:89  - Tomcat initialized with port(s): 8080 (http)
2017-09-07 18:37:57.161 INFO  org.apache.catalina.core.StandardService Line:179 - Starting service Tomcat
2017-09-07 18:37:57.163 INFO  org.apache.catalina.core.StandardEngine Line:179 - Starting Servlet Engine: Apache Tomcat/8.5.11
2017-09-07 18:37:57.329 INFO  org.apache.catalina.core.ContainerBase.[Tomcat].[localhost].[/] Line:179 - Initializing Spring embedded WebApplicationContext
2017-09-07 18:37:57.330 INFO  org.springframework.web.context.ContextLoader Line:276 - Root WebApplicationContext: initialization completed in 4032 ms
2017-09-07 18:37:57.826 INFO  org.springframework.boot.web.servlet.ServletRegistrationBean Line:190 - Mapping servlet: 'dispatcherServlet' to [/]
2017-09-07 18:37:57.832 INFO  org.springframework.boot.web.servlet.FilterRegistrationBean Line:258 - Mapping filter: 'characterEncodingFilter' to: [/*]
2017-09-07 18:37:57.833 INFO  org.springframework.boot.web.servlet.FilterRegistrationBean Line:258 - Mapping filter: 'hiddenHttpMethodFilter' to: [/*]
2017-09-07 18:37:57.834 INFO  org.springframework.boot.web.servlet.FilterRegistrationBean Line:258 - Mapping filter: 'httpPutFormContentFilter' to: [/*]
2017-09-07 18:37:57.834 INFO  org.springframework.boot.web.servlet.FilterRegistrationBean Line:258 - Mapping filter: 'requestContextFilter' to: [/*]
2017-09-07 18:37:58.511 INFO  org.springframework.orm.jpa.LocalContainerEntityManagerFactoryBean Line:349 - Building JPA container EntityManagerFactory for persistence unit 'default'
2017-09-07 18:37:58.537 INFO  org.hibernate.jpa.internal.util.LogHelper Line:31  - HHH000204: Processing PersistenceUnitInfo [
	name: default
	...]
2017-09-07 18:37:58.659 INFO  org.hibernate.Version Line:37  - HHH000412: Hibernate Core {5.0.12.Final}
2017-09-07 18:37:58.662 INFO  org.hibernate.cfg.Environment Line:213 - HHH000206: hibernate.properties not found
2017-09-07 18:37:58.665 INFO  org.hibernate.cfg.Environment Line:317 - HHH000021: Bytecode provider name : javassist
2017-09-07 18:37:58.757 INFO  org.hibernate.annotations.common.Version Line:66  - HCANN000001: Hibernate Commons Annotations {5.0.1.Final}
2017-09-07 18:37:59.585 INFO  org.hibernate.dialect.Dialect Line:156 - HHH000400: Using dialect: org.hibernate.dialect.MySQL5Dialect
2017-09-07 18:38:00.630 INFO  org.hibernate.tool.hbm2ddl.SchemaUpdate Line:105 - HHH000228: Running hbm2ddl schema update
2017-09-07 18:38:01.240 INFO  org.springframework.orm.jpa.LocalContainerEntityManagerFactoryBean Line:379 - Initialized JPA EntityManagerFactory for persistence unit 'default'
2017-09-07 18:38:03.081 INFO  org.springframework.web.servlet.mvc.method.annotation.RequestMappingHandlerAdapter Line:534 - Looking for @ControllerAdvice: org.springframework.boot.context.embedded.AnnotationConfigEmbeddedWebApplicationContext@3df94d96: startup date [Thu Sep 07 18:37:53 CST 2017]; root of context hierarchy
2017-09-07 18:38:03.239 INFO  org.springframework.web.servlet.mvc.method.annotation.RequestMappingHandlerMapping Line:543 - Mapped "{[/index],methods=[GET]}" onto public java.lang.String com.itstyle.doc.web.IndexController.index(org.springframework.ui.ModelMap)
2017-09-07 18:38:03.245 INFO  org.springframework.web.servlet.mvc.method.annotation.RequestMappingHandlerMapping Line:543 - Mapped "{[/error]}" onto public org.springframework.http.ResponseEntity<java.util.Map<java.lang.String, java.lang.Object>> org.springframework.boot.autoconfigure.web.BasicErrorController.error(javax.servlet.http.HttpServletRequest)
2017-09-07 18:38:03.246 INFO  org.springframework.web.servlet.mvc.method.annotation.RequestMappingHandlerMapping Line:543 - Mapped "{[/error],produces=[text/html]}" onto public org.springframework.web.servlet.ModelAndView org.springframework.boot.autoconfigure.web.BasicErrorController.errorHtml(javax.servlet.http.HttpServletRequest,javax.servlet.http.HttpServletResponse)
2017-09-07 18:38:03.284 INFO  org.springframework.web.servlet.handler.SimpleUrlHandlerMapping Line:349 - Root mapping to handler of type [class org.springframework.web.servlet.mvc.ParameterizableViewController]
2017-09-07 18:38:03.542 INFO  com.itstyle.doc.Application Line:21  - 自定义静态资源目录
2017-09-07 18:38:03.550 INFO  org.springframework.web.servlet.handler.SimpleUrlHandlerMapping Line:362 - Mapped URL path [/file/**] onto handler of type [class org.springframework.web.servlet.resource.ResourceHttpRequestHandler]
2017-09-07 18:38:03.551 INFO  org.springframework.web.servlet.handler.SimpleUrlHandlerMapping Line:362 - Mapped URL path [/webjars/**] onto handler of type [class org.springframework.web.servlet.resource.ResourceHttpRequestHandler]
2017-09-07 18:38:03.552 INFO  org.springframework.web.servlet.handler.SimpleUrlHandlerMapping Line:362 - Mapped URL path [/**] onto handler of type [class org.springframework.web.servlet.resource.ResourceHttpRequestHandler]
2017-09-07 18:38:03.649 INFO  org.springframework.web.servlet.handler.SimpleUrlHandlerMapping Line:362 - Mapped URL path [/**/favicon.ico] onto handler of type [class org.springframework.web.servlet.resource.ResourceHttpRequestHandler]
2017-09-07 18:38:05.706 INFO  org.springframework.jmx.export.annotation.AnnotationMBeanExporter Line:431 - Registering beans for JMX exposure on startup
2017-09-07 18:38:05.825 INFO  org.springframework.boot.context.embedded.tomcat.TomcatEmbeddedServletContainer Line:198 - Tomcat started on port(s): 8080 (http)
2017-09-07 18:38:05.832 INFO  com.itstyle.doc.Application Line:57  - Started Application in 14.228 seconds (JVM running for 14.807)
2017-09-07 18:38:05.832 INFO  com.itstyle.doc.Application Line:26  - 项目启动 
2017-09-07 18:38:20.038 INFO  org.apache.catalina.core.ContainerBase.[Tomcat].[localhost].[/] Line:179 - Initializing Spring FrameworkServlet 'dispatcherServlet'
2017-09-07 18:38:20.039 INFO  org.springframework.web.servlet.DispatcherServlet Line:489 - FrameworkServlet 'dispatcherServlet': initialization started
2017-09-07 18:38:20.076 INFO  org.springframework.web.servlet.DispatcherServlet Line:508 - FrameworkServlet 'dispatcherServlet': initialization completed in 36 ms
2017-09-07 18:39:43.785 INFO  com.itstyle.doc.Application Line:48  - Starting Application on WIN-20131015XNT with PID 4244 (D:\ACTS\spring-boot-doc\target\classes started by Administrator in D:\ACTS\spring-boot-doc)
2017-09-07 18:39:43.795 INFO  com.itstyle.doc.Application Line:641 - The following profiles are active: dev
2017-09-07 18:39:44.725 INFO  org.springframework.boot.context.embedded.AnnotationConfigEmbeddedWebApplicationContext Line:582 - Refreshing org.springframework.boot.context.embedded.AnnotationConfigEmbeddedWebApplicationContext@2445b199: startup date [Thu Sep 07 18:39:44 CST 2017]; root of context hierarchy
2017-09-07 18:39:47.478 INFO  org.springframework.context.support.PostProcessorRegistrationDelegate$BeanPostProcessorChecker Line:325 - Bean 'org.springframework.transaction.annotation.ProxyTransactionManagementConfiguration' of type [org.springframework.transaction.annotation.ProxyTransactionManagementConfiguration$$EnhancerBySpringCGLIB$$bf50cb92] is not eligible for getting processed by all BeanPostProcessors (for example: not eligible for auto-proxying)
2017-09-07 18:39:48.236 INFO  org.springframework.boot.context.embedded.tomcat.TomcatEmbeddedServletContainer Line:89  - Tomcat initialized with port(s): 8080 (http)
2017-09-07 18:39:48.263 INFO  org.apache.catalina.core.StandardService Line:179 - Starting service Tomcat
2017-09-07 18:39:48.265 INFO  org.apache.catalina.core.StandardEngine Line:179 - Starting Servlet Engine: Apache Tomcat/8.5.11
2017-09-07 18:39:48.422 INFO  org.apache.catalina.core.ContainerBase.[Tomcat].[localhost].[/] Line:179 - Initializing Spring embedded WebApplicationContext
2017-09-07 18:39:48.423 INFO  org.springframework.web.context.ContextLoader Line:276 - Root WebApplicationContext: initialization completed in 3697 ms
2017-09-07 18:39:48.735 INFO  org.springframework.boot.web.servlet.ServletRegistrationBean Line:190 - Mapping servlet: 'dispatcherServlet' to [/]
2017-09-07 18:39:48.741 INFO  org.springframework.boot.web.servlet.FilterRegistrationBean Line:258 - Mapping filter: 'characterEncodingFilter' to: [/*]
2017-09-07 18:39:48.743 INFO  org.springframework.boot.web.servlet.FilterRegistrationBean Line:258 - Mapping filter: 'hiddenHttpMethodFilter' to: [/*]
2017-09-07 18:39:48.743 INFO  org.springframework.boot.web.servlet.FilterRegistrationBean Line:258 - Mapping filter: 'httpPutFormContentFilter' to: [/*]
2017-09-07 18:39:48.744 INFO  org.springframework.boot.web.servlet.FilterRegistrationBean Line:258 - Mapping filter: 'requestContextFilter' to: [/*]
2017-09-07 18:39:49.535 INFO  org.springframework.orm.jpa.LocalContainerEntityManagerFactoryBean Line:349 - Building JPA container EntityManagerFactory for persistence unit 'default'
2017-09-07 18:39:49.563 INFO  org.hibernate.jpa.internal.util.LogHelper Line:31  - HHH000204: Processing PersistenceUnitInfo [
	name: default
	...]
2017-09-07 18:39:49.709 INFO  org.hibernate.Version Line:37  - HHH000412: Hibernate Core {5.0.12.Final}
2017-09-07 18:39:49.712 INFO  org.hibernate.cfg.Environment Line:213 - HHH000206: hibernate.properties not found
2017-09-07 18:39:49.715 INFO  org.hibernate.cfg.Environment Line:317 - HHH000021: Bytecode provider name : javassist
2017-09-07 18:39:49.801 INFO  org.hibernate.annotations.common.Version Line:66  - HCANN000001: Hibernate Commons Annotations {5.0.1.Final}
2017-09-07 18:39:50.562 INFO  org.hibernate.dialect.Dialect Line:156 - HHH000400: Using dialect: org.hibernate.dialect.MySQL5Dialect
2017-09-07 18:39:51.415 INFO  org.hibernate.tool.hbm2ddl.SchemaUpdate Line:105 - HHH000228: Running hbm2ddl schema update
2017-09-07 18:39:52.374 INFO  org.springframework.orm.jpa.LocalContainerEntityManagerFactoryBean Line:379 - Initialized JPA EntityManagerFactory for persistence unit 'default'
2017-09-07 18:39:54.525 INFO  org.springframework.web.servlet.mvc.method.annotation.RequestMappingHandlerAdapter Line:534 - Looking for @ControllerAdvice: org.springframework.boot.context.embedded.AnnotationConfigEmbeddedWebApplicationContext@2445b199: startup date [Thu Sep 07 18:39:44 CST 2017]; root of context hierarchy
2017-09-07 18:39:54.816 INFO  org.springframework.web.servlet.mvc.method.annotation.RequestMappingHandlerMapping Line:543 - Mapped "{[/index],methods=[GET]}" onto public java.lang.String com.itstyle.doc.web.IndexController.index(org.springframework.ui.ModelMap)
2017-09-07 18:39:54.822 INFO  org.springframework.web.servlet.mvc.method.annotation.RequestMappingHandlerMapping Line:543 - Mapped "{[/error]}" onto public org.springframework.http.ResponseEntity<java.util.Map<java.lang.String, java.lang.Object>> org.springframework.boot.autoconfigure.web.BasicErrorController.error(javax.servlet.http.HttpServletRequest)
2017-09-07 18:39:54.823 INFO  org.springframework.web.servlet.mvc.method.annotation.RequestMappingHandlerMapping Line:543 - Mapped "{[/error],produces=[text/html]}" onto public org.springframework.web.servlet.ModelAndView org.springframework.boot.autoconfigure.web.BasicErrorController.errorHtml(javax.servlet.http.HttpServletRequest,javax.servlet.http.HttpServletResponse)
2017-09-07 18:39:54.867 INFO  org.springframework.web.servlet.handler.SimpleUrlHandlerMapping Line:349 - Root mapping to handler of type [class org.springframework.web.servlet.mvc.ParameterizableViewController]
2017-09-07 18:39:54.890 INFO  com.itstyle.doc.Application Line:21  - 自定义静态资源目录
2017-09-07 18:39:54.898 INFO  org.springframework.web.servlet.handler.SimpleUrlHandlerMapping Line:362 - Mapped URL path [/file/***] onto handler of type [class org.springframework.web.servlet.resource.ResourceHttpRequestHandler]
2017-09-07 18:39:54.899 INFO  org.springframework.web.servlet.handler.SimpleUrlHandlerMapping Line:362 - Mapped URL path [/webjars/**] onto handler of type [class org.springframework.web.servlet.resource.ResourceHttpRequestHandler]
2017-09-07 18:39:54.899 INFO  org.springframework.web.servlet.handler.SimpleUrlHandlerMapping Line:362 - Mapped URL path [/**] onto handler of type [class org.springframework.web.servlet.resource.ResourceHttpRequestHandler]
2017-09-07 18:39:55.005 INFO  org.springframework.web.servlet.handler.SimpleUrlHandlerMapping Line:362 - Mapped URL path [/**/favicon.ico] onto handler of type [class org.springframework.web.servlet.resource.ResourceHttpRequestHandler]
2017-09-07 18:39:57.929 INFO  org.springframework.jmx.export.annotation.AnnotationMBeanExporter Line:431 - Registering beans for JMX exposure on startup
2017-09-07 18:39:58.039 INFO  org.springframework.boot.context.embedded.tomcat.TomcatEmbeddedServletContainer Line:198 - Tomcat started on port(s): 8080 (http)
2017-09-07 18:39:58.049 INFO  com.itstyle.doc.Application Line:57  - Started Application in 15.414 seconds (JVM running for 16.138)
2017-09-07 18:39:58.050 INFO  com.itstyle.doc.Application Line:26  - 项目启动 
2017-09-07 18:39:58.113 INFO  org.apache.catalina.core.ContainerBase.[Tomcat].[localhost].[/] Line:179 - Initializing Spring FrameworkServlet 'dispatcherServlet'
2017-09-07 18:39:58.113 INFO  org.springframework.web.servlet.DispatcherServlet Line:489 - FrameworkServlet 'dispatcherServlet': initialization started
2017-09-07 18:39:58.150 INFO  org.springframework.web.servlet.DispatcherServlet Line:508 - FrameworkServlet 'dispatcherServlet': initialization completed in 36 ms
2017-09-07 18:41:16.991 INFO  com.itstyle.doc.Application Line:48  - Starting Application on WIN-20131015XNT with PID 2580 (D:\ACTS\spring-boot-doc\target\classes started by Administrator in D:\ACTS\spring-boot-doc)
2017-09-07 18:41:17.000 INFO  com.itstyle.doc.Application Line:641 - The following profiles are active: dev
2017-09-07 18:41:17.598 INFO  org.springframework.boot.context.embedded.AnnotationConfigEmbeddedWebApplicationContext Line:582 - Refreshing org.springframework.boot.context.embedded.AnnotationConfigEmbeddedWebApplicationContext@36905c6e: startup date [Thu Sep 07 18:41:17 CST 2017]; root of context hierarchy
2017-09-07 18:41:20.243 INFO  org.springframework.context.support.PostProcessorRegistrationDelegate$BeanPostProcessorChecker Line:325 - Bean 'org.springframework.transaction.annotation.ProxyTransactionManagementConfiguration' of type [org.springframework.transaction.annotation.ProxyTransactionManagementConfiguration$$EnhancerBySpringCGLIB$$e78e0468] is not eligible for getting processed by all BeanPostProcessors (for example: not eligible for auto-proxying)
2017-09-07 18:41:20.968 INFO  org.springframework.boot.context.embedded.tomcat.TomcatEmbeddedServletContainer Line:89  - Tomcat initialized with port(s): 8080 (http)
2017-09-07 18:41:20.992 INFO  org.apache.catalina.core.StandardService Line:179 - Starting service Tomcat
2017-09-07 18:41:20.994 INFO  org.apache.catalina.core.StandardEngine Line:179 - Starting Servlet Engine: Apache Tomcat/8.5.11
2017-09-07 18:41:21.136 INFO  org.apache.catalina.core.ContainerBase.[Tomcat].[localhost].[/] Line:179 - Initializing Spring embedded WebApplicationContext
2017-09-07 18:41:21.137 INFO  org.springframework.web.context.ContextLoader Line:276 - Root WebApplicationContext: initialization completed in 3539 ms
2017-09-07 18:41:21.544 INFO  org.springframework.boot.web.servlet.ServletRegistrationBean Line:190 - Mapping servlet: 'dispatcherServlet' to [/]
2017-09-07 18:41:21.551 INFO  org.springframework.boot.web.servlet.FilterRegistrationBean Line:258 - Mapping filter: 'characterEncodingFilter' to: [/*]
2017-09-07 18:41:21.552 INFO  org.springframework.boot.web.servlet.FilterRegistrationBean Line:258 - Mapping filter: 'hiddenHttpMethodFilter' to: [/*]
2017-09-07 18:41:21.553 INFO  org.springframework.boot.web.servlet.FilterRegistrationBean Line:258 - Mapping filter: 'httpPutFormContentFilter' to: [/*]
2017-09-07 18:41:21.554 INFO  org.springframework.boot.web.servlet.FilterRegistrationBean Line:258 - Mapping filter: 'requestContextFilter' to: [/*]
2017-09-07 18:41:22.191 INFO  org.springframework.orm.jpa.LocalContainerEntityManagerFactoryBean Line:349 - Building JPA container EntityManagerFactory for persistence unit 'default'
2017-09-07 18:41:22.216 INFO  org.hibernate.jpa.internal.util.LogHelper Line:31  - HHH000204: Processing PersistenceUnitInfo [
	name: default
	...]
2017-09-07 18:41:22.336 INFO  org.hibernate.Version Line:37  - HHH000412: Hibernate Core {5.0.12.Final}
2017-09-07 18:41:22.339 INFO  org.hibernate.cfg.Environment Line:213 - HHH000206: hibernate.properties not found
2017-09-07 18:41:22.343 INFO  org.hibernate.cfg.Environment Line:317 - HHH000021: Bytecode provider name : javassist
2017-09-07 18:41:22.420 INFO  org.hibernate.annotations.common.Version Line:66  - HCANN000001: Hibernate Commons Annotations {5.0.1.Final}
2017-09-07 18:41:23.089 INFO  org.hibernate.dialect.Dialect Line:156 - HHH000400: Using dialect: org.hibernate.dialect.MySQL5Dialect
2017-09-07 18:41:23.903 INFO  org.hibernate.tool.hbm2ddl.SchemaUpdate Line:105 - HHH000228: Running hbm2ddl schema update
2017-09-07 18:41:24.338 INFO  org.springframework.orm.jpa.LocalContainerEntityManagerFactoryBean Line:379 - Initialized JPA EntityManagerFactory for persistence unit 'default'
2017-09-07 18:41:26.191 INFO  org.springframework.web.servlet.mvc.method.annotation.RequestMappingHandlerAdapter Line:534 - Looking for @ControllerAdvice: org.springframework.boot.context.embedded.AnnotationConfigEmbeddedWebApplicationContext@36905c6e: startup date [Thu Sep 07 18:41:17 CST 2017]; root of context hierarchy
2017-09-07 18:41:26.359 INFO  org.springframework.web.servlet.mvc.method.annotation.RequestMappingHandlerMapping Line:543 - Mapped "{[/index],methods=[GET]}" onto public java.lang.String com.itstyle.doc.web.IndexController.index(org.springframework.ui.ModelMap)
2017-09-07 18:41:26.365 INFO  org.springframework.web.servlet.mvc.method.annotation.RequestMappingHandlerMapping Line:543 - Mapped "{[/error]}" onto public org.springframework.http.ResponseEntity<java.util.Map<java.lang.String, java.lang.Object>> org.springframework.boot.autoconfigure.web.BasicErrorController.error(javax.servlet.http.HttpServletRequest)
2017-09-07 18:41:26.367 INFO  org.springframework.web.servlet.mvc.method.annotation.RequestMappingHandlerMapping Line:543 - Mapped "{[/error],produces=[text/html]}" onto public org.springframework.web.servlet.ModelAndView org.springframework.boot.autoconfigure.web.BasicErrorController.errorHtml(javax.servlet.http.HttpServletRequest,javax.servlet.http.HttpServletResponse)
2017-09-07 18:41:26.405 INFO  org.springframework.web.servlet.handler.SimpleUrlHandlerMapping Line:349 - Root mapping to handler of type [class org.springframework.web.servlet.mvc.ParameterizableViewController]
2017-09-07 18:41:26.425 INFO  com.itstyle.doc.Application Line:21  - 自定义静态资源目录
2017-09-07 18:41:26.434 INFO  org.springframework.web.servlet.handler.SimpleUrlHandlerMapping Line:362 - Mapped URL path [/file/**/**] onto handler of type [class org.springframework.web.servlet.resource.ResourceHttpRequestHandler]
2017-09-07 18:41:26.435 INFO  org.springframework.web.servlet.handler.SimpleUrlHandlerMapping Line:362 - Mapped URL path [/webjars/**] onto handler of type [class org.springframework.web.servlet.resource.ResourceHttpRequestHandler]
2017-09-07 18:41:26.436 INFO  org.springframework.web.servlet.handler.SimpleUrlHandlerMapping Line:362 - Mapped URL path [/**] onto handler of type [class org.springframework.web.servlet.resource.ResourceHttpRequestHandler]
2017-09-07 18:41:26.539 INFO  org.springframework.web.servlet.handler.SimpleUrlHandlerMapping Line:362 - Mapped URL path [/**/favicon.ico] onto handler of type [class org.springframework.web.servlet.resource.ResourceHttpRequestHandler]
2017-09-07 18:41:28.698 INFO  org.springframework.jmx.export.annotation.AnnotationMBeanExporter Line:431 - Registering beans for JMX exposure on startup
2017-09-07 18:41:28.804 INFO  org.springframework.boot.context.embedded.tomcat.TomcatEmbeddedServletContainer Line:198 - Tomcat started on port(s): 8080 (http)
2017-09-07 18:41:28.811 INFO  com.itstyle.doc.Application Line:57  - Started Application in 12.846 seconds (JVM running for 13.553)
2017-09-07 18:41:28.813 INFO  com.itstyle.doc.Application Line:26  - 项目启动 
2017-09-07 18:41:29.010 INFO  org.apache.catalina.core.ContainerBase.[Tomcat].[localhost].[/] Line:179 - Initializing Spring FrameworkServlet 'dispatcherServlet'
2017-09-07 18:41:29.011 INFO  org.springframework.web.servlet.DispatcherServlet Line:489 - FrameworkServlet 'dispatcherServlet': initialization started
2017-09-07 18:41:29.056 INFO  org.springframework.web.servlet.DispatcherServlet Line:508 - FrameworkServlet 'dispatcherServlet': initialization completed in 44 ms
2017-09-07 18:41:51.660 INFO  com.itstyle.doc.web.IndexController Line:29  - 首页
2017-09-07 18:41:51.695 INFO  org.hibernate.hql.internal.QueryTranslatorFactoryInitiator Line:47  - HHH000397: Using ASTQueryTranslatorFactory
2017-09-07 18:41:57.184 INFO  com.itstyle.doc.web.IndexController Line:29  - 首页
2017-09-07 18:43:33.006 INFO  com.itstyle.doc.web.IndexController Line:29  - 首页
2017-09-07 18:43:34.607 INFO  com.itstyle.doc.web.IndexController Line:29  - 首页
2017-09-07 18:43:35.365 INFO  com.itstyle.doc.web.IndexController Line:29  - 首页
2017-09-07 18:43:48.158 INFO  com.itstyle.doc.web.IndexController Line:29  - 首页
2017-09-07 18:43:58.914 INFO  com.itstyle.doc.web.IndexController Line:29  - 首页
2017-09-07 18:44:46.363 INFO  com.itstyle.doc.Application Line:48  - Starting Application on WIN-20131015XNT with PID 7608 (D:\ACTS\spring-boot-doc\target\classes started by Administrator in D:\ACTS\spring-boot-doc)
2017-09-07 18:44:46.411 INFO  com.itstyle.doc.Application Line:641 - The following profiles are active: dev
2017-09-07 18:44:46.969 INFO  org.springframework.boot.context.embedded.AnnotationConfigEmbeddedWebApplicationContext Line:582 - Refreshing org.springframework.boot.context.embedded.AnnotationConfigEmbeddedWebApplicationContext@7ec23849: startup date [Thu Sep 07 18:44:46 CST 2017]; root of context hierarchy
2017-09-07 18:44:49.685 INFO  org.springframework.context.support.PostProcessorRegistrationDelegate$BeanPostProcessorChecker Line:325 - Bean 'org.springframework.transaction.annotation.ProxyTransactionManagementConfiguration' of type [org.springframework.transaction.annotation.ProxyTransactionManagementConfiguration$$EnhancerBySpringCGLIB$$bf50cb92] is not eligible for getting processed by all BeanPostProcessors (for example: not eligible for auto-proxying)
2017-09-07 18:44:50.330 INFO  org.springframework.boot.context.embedded.tomcat.TomcatEmbeddedServletContainer Line:89  - Tomcat initialized with port(s): 8080 (http)
2017-09-07 18:44:50.354 INFO  org.apache.catalina.core.StandardService Line:179 - Starting service Tomcat
2017-09-07 18:44:50.356 INFO  org.apache.catalina.core.StandardEngine Line:179 - Starting Servlet Engine: Apache Tomcat/8.5.11
2017-09-07 18:44:50.517 INFO  org.apache.catalina.core.ContainerBase.[Tomcat].[localhost].[/] Line:179 - Initializing Spring embedded WebApplicationContext
2017-09-07 18:44:50.518 INFO  org.springframework.web.context.ContextLoader Line:276 - Root WebApplicationContext: initialization completed in 3549 ms
2017-09-07 18:44:50.936 INFO  org.springframework.boot.web.servlet.ServletRegistrationBean Line:190 - Mapping servlet: 'dispatcherServlet' to [/]
2017-09-07 18:44:50.943 INFO  org.springframework.boot.web.servlet.FilterRegistrationBean Line:258 - Mapping filter: 'characterEncodingFilter' to: [/*]
2017-09-07 18:44:50.944 INFO  org.springframework.boot.web.servlet.FilterRegistrationBean Line:258 - Mapping filter: 'hiddenHttpMethodFilter' to: [/*]
2017-09-07 18:44:50.944 INFO  org.springframework.boot.web.servlet.FilterRegistrationBean Line:258 - Mapping filter: 'httpPutFormContentFilter' to: [/*]
2017-09-07 18:44:50.945 INFO  org.springframework.boot.web.servlet.FilterRegistrationBean Line:258 - Mapping filter: 'requestContextFilter' to: [/*]
2017-09-07 18:44:51.527 INFO  org.springframework.orm.jpa.LocalContainerEntityManagerFactoryBean Line:349 - Building JPA container EntityManagerFactory for persistence unit 'default'
2017-09-07 18:44:51.553 INFO  org.hibernate.jpa.internal.util.LogHelper Line:31  - HHH000204: Processing PersistenceUnitInfo [
	name: default
	...]
2017-09-07 18:44:51.677 INFO  org.hibernate.Version Line:37  - HHH000412: Hibernate Core {5.0.12.Final}
2017-09-07 18:44:51.680 INFO  org.hibernate.cfg.Environment Line:213 - HHH000206: hibernate.properties not found
2017-09-07 18:44:51.683 INFO  org.hibernate.cfg.Environment Line:317 - HHH000021: Bytecode provider name : javassist
2017-09-07 18:44:51.759 INFO  org.hibernate.annotations.common.Version Line:66  - HCANN000001: Hibernate Commons Annotations {5.0.1.Final}
2017-09-07 18:44:52.447 INFO  org.hibernate.dialect.Dialect Line:156 - HHH000400: Using dialect: org.hibernate.dialect.MySQL5Dialect
2017-09-07 18:44:53.246 INFO  org.hibernate.tool.hbm2ddl.SchemaUpdate Line:105 - HHH000228: Running hbm2ddl schema update
2017-09-07 18:44:53.676 INFO  org.springframework.orm.jpa.LocalContainerEntityManagerFactoryBean Line:379 - Initialized JPA EntityManagerFactory for persistence unit 'default'
2017-09-07 18:44:55.336 INFO  org.springframework.web.servlet.mvc.method.annotation.RequestMappingHandlerAdapter Line:534 - Looking for @ControllerAdvice: org.springframework.boot.context.embedded.AnnotationConfigEmbeddedWebApplicationContext@7ec23849: startup date [Thu Sep 07 18:44:46 CST 2017]; root of context hierarchy
2017-09-07 18:44:55.684 INFO  org.springframework.web.servlet.mvc.method.annotation.RequestMappingHandlerMapping Line:543 - Mapped "{[/index],methods=[GET]}" onto public java.lang.String com.itstyle.doc.web.IndexController.index(org.springframework.ui.ModelMap)
2017-09-07 18:44:55.692 INFO  org.springframework.web.servlet.mvc.method.annotation.RequestMappingHandlerMapping Line:543 - Mapped "{[/error]}" onto public org.springframework.http.ResponseEntity<java.util.Map<java.lang.String, java.lang.Object>> org.springframework.boot.autoconfigure.web.BasicErrorController.error(javax.servlet.http.HttpServletRequest)
2017-09-07 18:44:55.694 INFO  org.springframework.web.servlet.mvc.method.annotation.RequestMappingHandlerMapping Line:543 - Mapped "{[/error],produces=[text/html]}" onto public org.springframework.web.servlet.ModelAndView org.springframework.boot.autoconfigure.web.BasicErrorController.errorHtml(javax.servlet.http.HttpServletRequest,javax.servlet.http.HttpServletResponse)
2017-09-07 18:44:55.791 INFO  org.springframework.web.servlet.handler.SimpleUrlHandlerMapping Line:349 - Root mapping to handler of type [class org.springframework.web.servlet.mvc.ParameterizableViewController]
2017-09-07 18:44:55.809 INFO  com.itstyle.doc.Application Line:21  - 自定义静态资源目录
2017-09-07 18:44:55.816 INFO  org.springframework.web.servlet.handler.SimpleUrlHandlerMapping Line:362 - Mapped URL path [/**/**] onto handler of type [class org.springframework.web.servlet.resource.ResourceHttpRequestHandler]
2017-09-07 18:44:55.817 INFO  org.springframework.web.servlet.handler.SimpleUrlHandlerMapping Line:362 - Mapped URL path [/webjars/**] onto handler of type [class org.springframework.web.servlet.resource.ResourceHttpRequestHandler]
2017-09-07 18:44:55.818 INFO  org.springframework.web.servlet.handler.SimpleUrlHandlerMapping Line:362 - Mapped URL path [/**] onto handler of type [class org.springframework.web.servlet.resource.ResourceHttpRequestHandler]
2017-09-07 18:44:55.930 INFO  org.springframework.web.servlet.handler.SimpleUrlHandlerMapping Line:362 - Mapped URL path [/**/favicon.ico] onto handler of type [class org.springframework.web.servlet.resource.ResourceHttpRequestHandler]
2017-09-07 18:44:57.688 INFO  org.springframework.jmx.export.annotation.AnnotationMBeanExporter Line:431 - Registering beans for JMX exposure on startup
2017-09-07 18:44:57.784 INFO  org.springframework.boot.context.embedded.tomcat.TomcatEmbeddedServletContainer Line:198 - Tomcat started on port(s): 8080 (http)
2017-09-07 18:44:57.792 INFO  com.itstyle.doc.Application Line:57  - Started Application in 12.507 seconds (JVM running for 13.184)
2017-09-07 18:44:57.792 INFO  com.itstyle.doc.Application Line:26  - 项目启动 
2017-09-07 18:45:00.992 INFO  org.apache.catalina.core.ContainerBase.[Tomcat].[localhost].[/] Line:179 - Initializing Spring FrameworkServlet 'dispatcherServlet'
2017-09-07 18:45:00.993 INFO  org.springframework.web.servlet.DispatcherServlet Line:489 - FrameworkServlet 'dispatcherServlet': initialization started
2017-09-07 18:45:01.032 INFO  org.springframework.web.servlet.DispatcherServlet Line:508 - FrameworkServlet 'dispatcherServlet': initialization completed in 38 ms
2017-09-07 18:45:01.196 INFO  com.itstyle.doc.web.IndexController Line:29  - 首页
2017-09-07 18:45:01.243 INFO  org.hibernate.hql.internal.QueryTranslatorFactoryInitiator Line:47  - HHH000397: Using ASTQueryTranslatorFactory
2017-09-07 18:45:24.662 INFO  com.itstyle.doc.web.IndexController Line:29  - 首页
2017-09-07 18:45:26.109 INFO  com.itstyle.doc.web.IndexController Line:29  - 首页
2017-09-07 18:45:27.019 INFO  com.itstyle.doc.web.IndexController Line:29  - 首页
2017-09-07 18:45:38.554 INFO  com.itstyle.doc.web.IndexController Line:29  - 首页
2017-09-07 18:45:48.938 INFO  com.itstyle.doc.web.IndexController Line:29  - 首页
